======================================================================
PULSE — SCREENING SENTIMENT AUDIT  (2026-04-09 09:30 ET)
----------------------------------------------------------------------
  SLB: ERROR — unsupported format string passed to NoneType.__format__

  MPC: ERROR — unsupported format string passed to NoneType.__format__

  PSX: ERROR — unsupported format string passed to NoneType.__format__

  WMB: ERROR — unsupported format string passed to NoneType.__format__

  KMI: ERROR — unsupported format string passed to NoneType.__format__

  EOG: ERROR — unsupported format string passed to NoneType.__format__

======================================================================

======================================================================
PULSE — SCREENING SENTIMENT AUDIT  (2026-04-09 09:30 ET)
----------------------------------------------------------------------
  XOM: ERROR — unsupported format string passed to NoneType.__format__

  OXY: ERROR — unsupported format string passed to NoneType.__format__

  CVX: ERROR — unsupported format string passed to NoneType.__format__

  COP: ERROR — unsupported format string passed to NoneType.__format__

  SLB: ERROR — unsupported format string passed to NoneType.__format__

  MPC: ERROR — unsupported format string passed to NoneType.__format__

  PSX: ERROR — unsupported format string passed to NoneType.__format__

  WMB: ERROR — unsupported format string passed to NoneType.__format__

  KMI: ERROR — unsupported format string passed to NoneType.__format__

  EOG: ERROR — unsupported format string passed to NoneType.__format__

======================================================================

======================================================================
PULSE — SCREENING SENTIMENT AUDIT  (2026-04-09 11:18 ET)
----------------------------------------------------------------------
  WMB: ERROR — unsupported format string passed to NoneType.__format__

  XOM: ERROR — unsupported format string passed to NoneType.__format__

  OXY: ERROR — unsupported format string passed to NoneType.__format__

  CVX: ERROR — unsupported format string passed to NoneType.__format__

  SLB: ERROR — unsupported format string passed to NoneType.__format__

  PSX: ERROR — unsupported format string passed to NoneType.__format__

  KMI: ERROR — unsupported format string passed to NoneType.__format__

  COP: ERROR — unsupported format string passed to NoneType.__format__

  EOG: ERROR — unsupported format string passed to NoneType.__format__

  MPC: ERROR — unsupported format string passed to NoneType.__format__

======================================================================

