======================================================================
SCOUT — SCREENING NEWS AUDIT  (2026-04-11 04:02 ET)
----------------------------------------------------------------------
  XOM
    Signal    : NEUTRAL  (score 0.50)
    Top headline: Chevron Q1 Earnings Will Be 'Noisy' As Headwinds Reverse To Tailwinds: Analyst
    All headlines reviewed: 4

  OXY
    Signal    : NEUTRAL  (score 0.50)
    Top headline: Occidental Petroleum Stock Is Volatile Thursday: What's Driving The Action?
    All headlines reviewed: 2

  COP
    Signal    : NEUTRAL  (score 0.50)
    Top headline: The 'Mag 7' Just Became The 'Lag 7': Analyst
    All headlines reviewed: 2

  SLB
    Signal    : BULLISH  (score 0.78)
    Top headline: Bitmine Joins NYSE With $4 Billion Buyback But Stock Slips 2% On Debut Day
    All headlines reviewed: 1

  MPC
    Signal    : NEUTRAL  (score 0.44)
    Top headline: Here's How Much $100 Invested In Marathon Petroleum 10 Years Ago Would Be Worth Today
    All headlines reviewed: 4

  WMB
    Signal    : NEUTRAL  (score 0.50)
    Top headline: No recent news found
    All headlines reviewed: 0

  KMI
    Signal    : NEUTRAL  (score 0.50)
    Top headline: No recent news found
    All headlines reviewed: 0

  EOG
    Signal    : NEUTRAL  (score 0.50)
    Top headline: No recent news found
    All headlines reviewed: 0

  CVX
    Signal    : BEARISH  (score 0.41)
    Top headline: Chevron Q1 Earnings Will Be 'Noisy' As Headwinds Reverse To Tailwinds: Analyst
    All headlines reviewed: 4

  PSX
    Signal    : BEARISH  (score 0.37)
    Top headline: XCF Global (SAFX) Stock Jumps Over 16% After Hours: Here's What You Should Know
    All headlines reviewed: 2

  XOM
    Signal    : NEUTRAL  (score 0.50)
    Top headline: Chevron Q1 Earnings Will Be 'Noisy' As Headwinds Reverse To Tailwinds: Analyst
    All headlines reviewed: 4

  CVX
    Signal    : BEARISH  (score 0.41)
    Top headline: Chevron Q1 Earnings Will Be 'Noisy' As Headwinds Reverse To Tailwinds: Analyst
    All headlines reviewed: 4

  COP
    Signal    : NEUTRAL  (score 0.50)
    Top headline: The 'Mag 7' Just Became The 'Lag 7': Analyst
    All headlines reviewed: 2

  EOG
    Signal    : NEUTRAL  (score 0.50)
    Top headline: No recent news found
    All headlines reviewed: 0

  SLB
    Signal    : BULLISH  (score 0.78)
    Top headline: Bitmine Joins NYSE With $4 Billion Buyback But Stock Slips 2% On Debut Day
    All headlines reviewed: 1

  MPC
    Signal    : NEUTRAL  (score 0.44)
    Top headline: Here's How Much $100 Invested In Marathon Petroleum 10 Years Ago Would Be Worth Today
    All headlines reviewed: 4

  PSX
    Signal    : BEARISH  (score 0.37)
    Top headline: XCF Global (SAFX) Stock Jumps Over 16% After Hours: Here's What You Should Know
    All headlines reviewed: 2

  OXY
    Signal    : NEUTRAL  (score 0.50)
    Top headline: Occidental Petroleum Stock Is Volatile Thursday: What's Driving The Action?
    All headlines reviewed: 2

  WMB
    Signal    : NEUTRAL  (score 0.50)
    Top headline: No recent news found
    All headlines reviewed: 0

  KMI
    Signal    : NEUTRAL  (score 0.50)
    Top headline: No recent news found
    All headlines reviewed: 0

======================================================================

