======================================================================
SCOUT — SCREENING NEWS AUDIT  (2026-04-09 09:28 ET)
----------------------------------------------------------------------
  XOM
    Signal    : BEARISH  (score 0.38)
    Top headline: JD Vance Calls US-Iran Ceasefire 'Fragile:' Why It Matters For Exxon, Chevron
    All headlines reviewed: 5

  OXY
    Signal    : BEARISH  (score 0.33)
    Top headline: Energy Stocks Just Had Their Worst Day In A Year — 20 Stocks Hit By Trump's Ceasefire
    All headlines reviewed: 2

  CVX
    Signal    : BEARISH  (score 0.40)
    Top headline: JD Vance Calls US-Iran Ceasefire 'Fragile:' Why It Matters For Exxon, Chevron
    All headlines reviewed: 3

  COP
    Signal    : NEUTRAL  (score 0.50)
    Top headline: Here's How Much You Would Have Made Owning ConocoPhillips Stock In The Last 5 Years
    All headlines reviewed: 2

  SLB
    Signal    : BULLISH  (score 0.80)
    Top headline: SLB Lands Major Deal To Help Tap Suriname's Oil Reserves Faster
    All headlines reviewed: 1

  MPC
    Signal    : NEUTRAL  (score 0.50)
    Top headline: Gas At The Pump Just Hit $4.14 — Biggest Inflation Jump Since 2022 May Be Next
    All headlines reviewed: 1

  PSX
    Signal    : NEUTRAL  (score 0.43)
    Top headline: Gas At The Pump Just Hit $4.14 — Biggest Inflation Jump Since 2022 May Be Next
    All headlines reviewed: 4

  WMB
    Signal    : NEUTRAL  (score 0.50)
    Top headline: No recent news found
    All headlines reviewed: 0

  KMI
    Signal    : NEUTRAL  (score 0.50)
    Top headline: No recent news found
    All headlines reviewed: 0

  EOG
    Signal    : NEUTRAL  (score 0.50)
    Top headline: Energy Stocks Just Had Their Worst Day In A Year — 20 Stocks Hit By Trump's Ceasefire
    All headlines reviewed: 1

  XOM
    Signal    : BEARISH  (score 0.38)
    Top headline: JD Vance Calls US-Iran Ceasefire 'Fragile:' Why It Matters For Exxon, Chevron
    All headlines reviewed: 5

  CVX
    Signal    : BEARISH  (score 0.40)
    Top headline: JD Vance Calls US-Iran Ceasefire 'Fragile:' Why It Matters For Exxon, Chevron
    All headlines reviewed: 3

  COP
    Signal    : NEUTRAL  (score 0.50)
    Top headline: Here's How Much You Would Have Made Owning ConocoPhillips Stock In The Last 5 Years
    All headlines reviewed: 2

  EOG
    Signal    : NEUTRAL  (score 0.50)
    Top headline: Energy Stocks Just Had Their Worst Day In A Year — 20 Stocks Hit By Trump's Ceasefire
    All headlines reviewed: 1

  SLB
    Signal    : BULLISH  (score 0.80)
    Top headline: SLB Lands Major Deal To Help Tap Suriname's Oil Reserves Faster
    All headlines reviewed: 1

  MPC
    Signal    : NEUTRAL  (score 0.50)
    Top headline: Gas At The Pump Just Hit $4.14 — Biggest Inflation Jump Since 2022 May Be Next
    All headlines reviewed: 1

  PSX
    Signal    : NEUTRAL  (score 0.43)
    Top headline: Gas At The Pump Just Hit $4.14 — Biggest Inflation Jump Since 2022 May Be Next
    All headlines reviewed: 4

  OXY
    Signal    : BEARISH  (score 0.33)
    Top headline: Energy Stocks Just Had Their Worst Day In A Year — 20 Stocks Hit By Trump's Ceasefire
    All headlines reviewed: 2

  WMB
    Signal    : NEUTRAL  (score 0.50)
    Top headline: No recent news found
    All headlines reviewed: 0

  KMI
    Signal    : NEUTRAL  (score 0.50)
    Top headline: No recent news found
    All headlines reviewed: 0

======================================================================

======================================================================
SCOUT — SCREENING NEWS AUDIT  (2026-04-09 14:37 ET)
----------------------------------------------------------------------
  XOM
    Signal    : BEARISH  (score 0.40)
    Top headline: Oil Executives Are Reportedly Pushing Trump Administration To Reject Iran Hormuz Tolls
    All headlines reviewed: 6

  OXY
    Signal    : BEARISH  (score 0.33)
    Top headline: Energy Stocks Just Had Their Worst Day In A Year — 20 Stocks Hit By Trump's Ceasefire
    All headlines reviewed: 2

  CVX
    Signal    : BEARISH  (score 0.43)
    Top headline: Oil Executives Are Reportedly Pushing Trump Administration To Reject Iran Hormuz Tolls
    All headlines reviewed: 4

  COP
    Signal    : NEUTRAL  (score 0.50)
    Top headline: Oil Executives Are Reportedly Pushing Trump Administration To Reject Iran Hormuz Tolls
    All headlines reviewed: 3

  SLB
    Signal    : BULLISH  (score 0.80)
    Top headline: SLB Lands Major Deal To Help Tap Suriname's Oil Reserves Faster
    All headlines reviewed: 1

  MPC
    Signal    : NEUTRAL  (score 0.50)
    Top headline: No recent news found
    All headlines reviewed: 0

  PSX
    Signal    : NEUTRAL  (score 0.50)
    Top headline: No recent news found
    All headlines reviewed: 0

  WMB
    Signal    : NEUTRAL  (score 0.50)
    Top headline: No recent news found
    All headlines reviewed: 0

  KMI
    Signal    : NEUTRAL  (score 0.50)
    Top headline: No recent news found
    All headlines reviewed: 0

  EOG
    Signal    : NEUTRAL  (score 0.50)
    Top headline: Energy Stocks Just Had Their Worst Day In A Year — 20 Stocks Hit By Trump's Ceasefire
    All headlines reviewed: 1

  WMB
    Signal    : NEUTRAL  (score 0.50)
    Top headline: No recent news found
    All headlines reviewed: 0

  XOM
    Signal    : BEARISH  (score 0.40)
    Top headline: Oil Executives Are Reportedly Pushing Trump Administration To Reject Iran Hormuz Tolls
    All headlines reviewed: 6

  OXY
    Signal    : BEARISH  (score 0.33)
    Top headline: Energy Stocks Just Had Their Worst Day In A Year — 20 Stocks Hit By Trump's Ceasefire
    All headlines reviewed: 2

  CVX
    Signal    : BEARISH  (score 0.43)
    Top headline: Oil Executives Are Reportedly Pushing Trump Administration To Reject Iran Hormuz Tolls
    All headlines reviewed: 4

  SLB
    Signal    : BULLISH  (score 0.80)
    Top headline: SLB Lands Major Deal To Help Tap Suriname's Oil Reserves Faster
    All headlines reviewed: 1

  PSX
    Signal    : NEUTRAL  (score 0.50)
    Top headline: No recent news found
    All headlines reviewed: 0

  KMI
    Signal    : NEUTRAL  (score 0.50)
    Top headline: No recent news found
    All headlines reviewed: 0

  COP
    Signal    : NEUTRAL  (score 0.50)
    Top headline: Oil Executives Are Reportedly Pushing Trump Administration To Reject Iran Hormuz Tolls
    All headlines reviewed: 3

  EOG
    Signal    : NEUTRAL  (score 0.50)
    Top headline: Energy Stocks Just Had Their Worst Day In A Year — 20 Stocks Hit By Trump's Ceasefire
    All headlines reviewed: 1

  MPC
    Signal    : NEUTRAL  (score 0.50)
    Top headline: No recent news found
    All headlines reviewed: 0

======================================================================

