======================================================================
SCOUT — SCREENING NEWS AUDIT  (2026-04-13 09:37 ET)
----------------------------------------------------------------------
  OXY
    Signal    : NEUTRAL  (score 0.50)
    Top headline: No recent news found
    All headlines reviewed: 0

  COP
    Signal    : NEUTRAL  (score 0.50)
    Top headline: Saudi Arabia's East-West Pipeline Back at Full Steam After Iran Disruptions
    All headlines reviewed: 1

  SLB
    Signal    : NEUTRAL  (score 0.50)
    Top headline: No recent news found
    All headlines reviewed: 0

  WMB
    Signal    : NEUTRAL  (score 0.50)
    Top headline: No recent news found
    All headlines reviewed: 0

  KMI
    Signal    : NEUTRAL  (score 0.50)
    Top headline: No recent news found
    All headlines reviewed: 0

  EOG
    Signal    : NEUTRAL  (score 0.50)
    Top headline: No recent news found
    All headlines reviewed: 0

  MPC
    Signal    : NEUTRAL  (score 0.50)
    Top headline: No recent news found
    All headlines reviewed: 0

  XOM
    Signal    : NEUTRAL  (score 0.50)
    Top headline: Saudi Arabia's East-West Pipeline Back at Full Steam After Iran Disruptions
    All headlines reviewed: 1

  CVX
    Signal    : NEUTRAL  (score 0.50)
    Top headline: Saudi Arabia's East-West Pipeline Back at Full Steam After Iran Disruptions
    All headlines reviewed: 1

  PSX
    Signal    : NEUTRAL  (score 0.50)
    Top headline: No recent news found
    All headlines reviewed: 0

======================================================================

